2020-02-20 00:19:31.011  INFO [tsf-provider,,,] 27037 --- [Thread-24] o.s.s.concurrent.ThreadPoolTaskExecutor  : Shutting down ExecutorService 'tsfThreadPoolTaskExecutor'
2020-02-20 00:19:31.032  INFO [tsf-provider,,,] 27037 --- [Thread-24] o.s.s.c.ThreadPoolTaskScheduler          : Shutting down ExecutorService 'tsfTaskScheduler'
2020-02-20 00:19:31.033  INFO [tsf-provider,,,] 27037 --- [Thread-24] o.s.s.c.ThreadPoolTaskScheduler          : Shutting down ExecutorService 'configWatchTaskScheduler'
2020-02-20 00:19:31.035  INFO [tsf-provider,,,] 27037 --- [Thread-24] o.s.c.c.s.ConsulServiceRegistry          : Deregistering service with consul: tsf-provider-18081
2020-02-20 00:19:31.090  INFO [tsf-provider,,,] 27037 --- [Thread-24] o.s.s.c.ThreadPoolTaskScheduler          : Shutting down ExecutorService 'catalogWatchTaskScheduler'
2020-02-20 00:19:31.097  INFO [tsf-provider,,,] 27037 --- [Thread-24] o.s.s.concurrent.ThreadPoolTaskExecutor  : Shutting down ExecutorService 'tsfInvocationExecutor'
2020-02-20 00:19:31.098 ERROR [tsf-provider,,,] 27037 --- [tsf-invocation-thread-1] c.t.t.m.i.a.InvocationAggregator         : [TSF Monitor] AggregatorThread : [tsf-invocation-thread-1] Interrupted while sleeping 300ms
2020-02-20 00:19:31.105  INFO [tsf-provider,,,] 27037 --- [Thread-24] o.s.s.concurrent.ThreadPoolTaskExecutor  : Shutting down ExecutorService 'applicationTaskExecutor'
2020-02-20 17:21:19.380  INFO [tsf-provider,,,] 33637 --- [restartedMain] .h.t.t.TsfSpringCloudProviderApplication : No active profile set, falling back to default profiles: default
2020-02-20 17:21:21.201  WARN [tsf-provider,,,] 33637 --- [restartedMain] o.s.boot.actuate.endpoint.EndpointId     : Endpoint ID 'service-registry' contains invalid characters, please migrate to a valid format.
2020-02-20 17:21:21.769  INFO [tsf-provider,,,] 33637 --- [restartedMain] o.s.cloud.context.scope.GenericScope     : BeanFactory id=efdeb71f-17aa-3c47-89bf-f23eb051d54b
2020-02-20 17:21:21.800  INFO [tsf-provider,,,] 33637 --- [restartedMain] trationDelegate$BeanPostProcessorChecker : Bean 'com.tencent.tsf.sleuth.instrument.jdbc.TraceJdbcAutoConfigration' of type [com.tencent.tsf.sleuth.instrument.jdbc.TraceJdbcAutoConfigration$$EnhancerBySpringCGLIB$$55c89d3a] is not eligible for getting processed by all BeanPostProcessors (for example: not eligible for auto-proxying)
2020-02-20 17:21:21.807  INFO [tsf-provider,,,] 33637 --- [restartedMain] trationDelegate$BeanPostProcessorChecker : Bean 'com.tencent.tsf.sleuth.config.TsfTracingAutoConfiguration' of type [com.tencent.tsf.sleuth.config.TsfTracingAutoConfiguration$$EnhancerBySpringCGLIB$$24e38f7a] is not eligible for getting processed by all BeanPostProcessors (for example: not eligible for auto-proxying)
2020-02-20 17:21:21.857  INFO [tsf-provider,,,] 33637 --- [restartedMain] trationDelegate$BeanPostProcessorChecker : Bean 'spanAdjuster' of type [com.tencent.tsf.sleuth.adjuster.TsfTracingSpanAdjuster] is not eligible for getting processed by all BeanPostProcessors (for example: not eligible for auto-proxying)
2020-02-20 17:21:21.865  INFO [tsf-provider,,,] 33637 --- [restartedMain] trationDelegate$BeanPostProcessorChecker : Bean 'org.springframework.cloud.sleuth.log.SleuthLogAutoConfiguration$Slf4jConfiguration' of type [org.springframework.cloud.sleuth.log.SleuthLogAutoConfiguration$Slf4jConfiguration$$EnhancerBySpringCGLIB$$a61155e2] is not eligible for getting processed by all BeanPostProcessors (for example: not eligible for auto-proxying)
2020-02-20 17:21:21.875  INFO [tsf-provider,,,] 33637 --- [restartedMain] trationDelegate$BeanPostProcessorChecker : Bean 'spring.sleuth-org.springframework.cloud.sleuth.autoconfig.SleuthProperties' of type [org.springframework.cloud.sleuth.autoconfig.SleuthProperties] is not eligible for getting processed by all BeanPostProcessors (for example: not eligible for auto-proxying)
2020-02-20 17:21:21.881  INFO [tsf-provider,,,] 33637 --- [restartedMain] trationDelegate$BeanPostProcessorChecker : Bean 'spring.sleuth.log.slf4j-org.springframework.cloud.sleuth.log.SleuthSlf4jProperties' of type [org.springframework.cloud.sleuth.log.SleuthSlf4jProperties] is not eligible for getting processed by all BeanPostProcessors (for example: not eligible for auto-proxying)
2020-02-20 17:21:21.886  INFO [tsf-provider,,,] 33637 --- [restartedMain] trationDelegate$BeanPostProcessorChecker : Bean 'slf4jSpanDecorator' of type [org.springframework.cloud.sleuth.log.Slf4jScopeDecorator] is not eligible for getting processed by all BeanPostProcessors (for example: not eligible for auto-proxying)
2020-02-20 17:21:21.889  INFO [tsf-provider,,,] 33637 --- [restartedMain] trationDelegate$BeanPostProcessorChecker : Bean 'org.springframework.cloud.sleuth.autoconfig.TraceAutoConfiguration' of type [org.springframework.cloud.sleuth.autoconfig.TraceAutoConfiguration$$EnhancerBySpringCGLIB$$58a64c14] is not eligible for getting processed by all BeanPostProcessors (for example: not eligible for auto-proxying)
2020-02-20 17:21:21.925  INFO [tsf-provider,,,] 33637 --- [restartedMain] trationDelegate$BeanPostProcessorChecker : Bean 'sleuthPropagation' of type [brave.propagation.B3Propagation$1] is not eligible for getting processed by all BeanPostProcessors (for example: not eligible for auto-proxying)
2020-02-20 17:21:21.932  INFO [tsf-provider,,,] 33637 --- [restartedMain] trationDelegate$BeanPostProcessorChecker : Bean 'sleuthCurrentTraceContextBuilder' of type [brave.propagation.ThreadLocalCurrentTraceContext$Builder] is not eligible for getting processed by all BeanPostProcessors (for example: not eligible for auto-proxying)
2020-02-20 17:21:21.937  INFO [tsf-provider,,,] 33637 --- [restartedMain] trationDelegate$BeanPostProcessorChecker : Bean 'sleuthCurrentTraceContext' of type [brave.propagation.ThreadLocalCurrentTraceContext] is not eligible for getting processed by all BeanPostProcessors (for example: not eligible for auto-proxying)
2020-02-20 17:21:21.946  INFO [tsf-provider,,,] 33637 --- [restartedMain] trationDelegate$BeanPostProcessorChecker : Bean 'scopedTarget.com.tencent.tsf.sleuth.config.TsfTracingConfiguration' of type [com.tencent.tsf.sleuth.config.TsfTracingConfiguration$$EnhancerBySpringCGLIB$$a1ca0249] is not eligible for getting processed by all BeanPostProcessors (for example: not eligible for auto-proxying)
2020-02-20 17:21:21.949  INFO [tsf-provider,,,] 33637 --- [restartedMain] trationDelegate$BeanPostProcessorChecker : Bean 'sleuthTraceSampler' of type [brave.sampler.Sampler$1] is not eligible for getting processed by all BeanPostProcessors (for example: not eligible for auto-proxying)
2020-02-20 17:21:21.954  INFO [tsf-provider,,,] 33637 --- [restartedMain] trationDelegate$BeanPostProcessorChecker : Bean 'errorParser' of type [brave.ErrorParser] is not eligible for getting processed by all BeanPostProcessors (for example: not eligible for auto-proxying)
2020-02-20 17:21:21.964  INFO [tsf-provider,,,] 33637 --- [restartedMain] trationDelegate$BeanPostProcessorChecker : Bean 'sender' of type [com.tencent.tsf.sleuth.sender.TsfTracingSender] is not eligible for getting processed by all BeanPostProcessors (for example: not eligible for auto-proxying)
2020-02-20 17:21:21.972  INFO [tsf-provider,,,] 33637 --- [restartedMain] trationDelegate$BeanPostProcessorChecker : Bean 'spanReporter' of type [zipkin2.reporter.AsyncReporter$BoundedAsyncReporter] is not eligible for getting processed by all BeanPostProcessors (for example: not eligible for auto-proxying)
2020-02-20 17:21:22.014  INFO [tsf-provider,,,] 33637 --- [restartedMain] trationDelegate$BeanPostProcessorChecker : Bean 'tracing' of type [brave.Tracing$Default] is not eligible for getting processed by all BeanPostProcessors (for example: not eligible for auto-proxying)
2020-02-20 17:21:22.501  INFO [tsf-provider,,,] 33637 --- [restartedMain] trationDelegate$BeanPostProcessorChecker : Bean 'org.springframework.cloud.autoconfigure.ConfigurationPropertiesRebinderAutoConfiguration' of type [org.springframework.cloud.autoconfigure.ConfigurationPropertiesRebinderAutoConfiguration$$EnhancerBySpringCGLIB$$3bc331fe] is not eligible for getting processed by all BeanPostProcessors (for example: not eligible for auto-proxying)
2020-02-20 17:21:22.530  INFO [tsf-provider,,,] 33637 --- [restartedMain] trationDelegate$BeanPostProcessorChecker : Bean 'org.springframework.cloud.consul.config.ConsulConfigAutoConfiguration$ConsulRefreshConfiguration' of type [org.springframework.cloud.consul.config.ConsulConfigAutoConfiguration$ConsulRefreshConfiguration$$EnhancerBySpringCGLIB$$35b47d16] is not eligible for getting processed by all BeanPostProcessors (for example: not eligible for auto-proxying)
2020-02-20 17:21:22.581  INFO [tsf-provider,,,] 33637 --- [restartedMain] trationDelegate$BeanPostProcessorChecker : Bean 'org.springframework.cloud.tsf.circuitbreaker.config.TsfCircuitBreakerFilterAutoConfiguration$TsfCircuitBreakerAsyncRestTemplateConfig' of type [org.springframework.cloud.tsf.circuitbreaker.config.TsfCircuitBreakerFilterAutoConfiguration$TsfCircuitBreakerAsyncRestTemplateConfig$$EnhancerBySpringCGLIB$$e148b43f] is not eligible for getting processed by all BeanPostProcessors (for example: not eligible for auto-proxying)
2020-02-20 17:21:22.597  INFO [tsf-provider,,,] 33637 --- [restartedMain] rcuitBreakerAsyncRestTemplateInterceptor : [TSF CIRCUIT BREAKER INTERCEPTOR] TsfCircuitBreakerAsyncRestTemplateInterceptor registered.
2020-02-20 17:21:22.599  INFO [tsf-provider,,,] 33637 --- [restartedMain] trationDelegate$BeanPostProcessorChecker : Bean 'tsfCircuitBreakerAsyncRestTemplateInterceptor' of type [org.springframework.cloud.tsf.circuitbreaker.instrument.async.TsfCircuitBreakerAsyncRestTemplateInterceptor] is not eligible for getting processed by all BeanPostProcessors (for example: not eligible for auto-proxying)
2020-02-20 17:21:22.613  INFO [tsf-provider,,,] 33637 --- [restartedMain] trationDelegate$BeanPostProcessorChecker : Bean 'org.springframework.cloud.tsf.circuitbreaker.config.TsfCircuitBreakerFilterAutoConfiguration$TsfCircuitBreakerRestTemplateConfig' of type [org.springframework.cloud.tsf.circuitbreaker.config.TsfCircuitBreakerFilterAutoConfiguration$TsfCircuitBreakerRestTemplateConfig$$EnhancerBySpringCGLIB$$81e1e629] is not eligible for getting processed by all BeanPostProcessors (for example: not eligible for auto-proxying)
2020-02-20 17:21:22.624  INFO [tsf-provider,,,] 33637 --- [restartedMain] TsfCircuitBreakerRestTemplateInterceptor : [TSF CIRCUIT BREAKER INTERCEPTOR] TsfCircuitBreakerRestTemplateInterceptor registered.
2020-02-20 17:21:22.625  INFO [tsf-provider,,,] 33637 --- [restartedMain] trationDelegate$BeanPostProcessorChecker : Bean 'tsfCircuitBreakerRestTemplateInterceptor' of type [org.springframework.cloud.tsf.circuitbreaker.instrument.rest.TsfCircuitBreakerRestTemplateInterceptor] is not eligible for getting processed by all BeanPostProcessors (for example: not eligible for auto-proxying)
2020-02-20 17:21:22.643  INFO [tsf-provider,,,] 33637 --- [restartedMain] trationDelegate$BeanPostProcessorChecker : Bean 'tsf.circuit-breaker-org.springframework.cloud.tsf.circuitbreaker.config.CircuitBreakerRuleProperties' of type [org.springframework.cloud.tsf.circuitbreaker.config.CircuitBreakerRuleProperties] is not eligible for getting processed by all BeanPostProcessors (for example: not eligible for auto-proxying)
2020-02-20 17:21:22.646  INFO [tsf-provider,,,] 33637 --- [restartedMain] trationDelegate$BeanPostProcessorChecker : Bean 'org.springframework.cloud.tsf.circuitbreaker.config.TsfCircuitBreakerFilterAutoConfiguration' of type [org.springframework.cloud.tsf.circuitbreaker.config.TsfCircuitBreakerFilterAutoConfiguration$$EnhancerBySpringCGLIB$$dac84453] is not eligible for getting processed by all BeanPostProcessors (for example: not eligible for auto-proxying)
2020-02-20 17:21:22.662  INFO [tsf-provider,,,] 33637 --- [restartedMain] trationDelegate$BeanPostProcessorChecker : Bean 'org.springframework.cloud.tsf.route.config.TsfRouteFilterAutoConfiguration$TsfRouteAsyncRestTemplateConfig' of type [org.springframework.cloud.tsf.route.config.TsfRouteFilterAutoConfiguration$TsfRouteAsyncRestTemplateConfig$$EnhancerBySpringCGLIB$$5c8af0b9] is not eligible for getting processed by all BeanPostProcessors (for example: not eligible for auto-proxying)
2020-02-20 17:21:22.684  INFO [tsf-provider,,,] 33637 --- [restartedMain] trationDelegate$BeanPostProcessorChecker : Bean 'tsfRouteAsyncRestTemplateInterceptor' of type [org.springframework.cloud.tsf.route.interceptor.TsfRouteAsyncRestTemplateInterceptor] is not eligible for getting processed by all BeanPostProcessors (for example: not eligible for auto-proxying)
2020-02-20 17:21:22.694  INFO [tsf-provider,,,] 33637 --- [restartedMain] trationDelegate$BeanPostProcessorChecker : Bean 'org.springframework.cloud.tsf.route.config.TsfRouteFilterAutoConfiguration$TsfRouteRestTemplateConfig' of type [org.springframework.cloud.tsf.route.config.TsfRouteFilterAutoConfiguration$TsfRouteRestTemplateConfig$$EnhancerBySpringCGLIB$$a6f6456f] is not eligible for getting processed by all BeanPostProcessors (for example: not eligible for auto-proxying)
2020-02-20 17:21:22.705  INFO [tsf-provider,,,] 33637 --- [restartedMain] trationDelegate$BeanPostProcessorChecker : Bean 'tsfRouteRestTemplateInterceptor' of type [org.springframework.cloud.tsf.route.interceptor.TsfRouteRestTemplateInterceptor] is not eligible for getting processed by all BeanPostProcessors (for example: not eligible for auto-proxying)
2020-02-20 17:21:22.721  INFO [tsf-provider,,,] 33637 --- [restartedMain] trationDelegate$BeanPostProcessorChecker : Bean 'org.springframework.cloud.tsf.route.config.TsfRouteFilterAutoConfiguration' of type [org.springframework.cloud.tsf.route.config.TsfRouteFilterAutoConfiguration$$EnhancerBySpringCGLIB$$9912f0f3] is not eligible for getting processed by all BeanPostProcessors (for example: not eligible for auto-proxying)
2020-02-20 17:21:22.753  INFO [tsf-provider,,,] 33637 --- [restartedMain] trationDelegate$BeanPostProcessorChecker : Bean 'org.springframework.tsf.core.config.ContextConfiguration$TsfAsyncRestTemplateConfig' of type [org.springframework.tsf.core.config.ContextConfiguration$TsfAsyncRestTemplateConfig$$EnhancerBySpringCGLIB$$2bd54f1d] is not eligible for getting processed by all BeanPostProcessors (for example: not eligible for auto-proxying)
2020-02-20 17:21:22.821  INFO [tsf-provider,,,] 33637 --- [restartedMain] trationDelegate$BeanPostProcessorChecker : Bean 'org.springframework.tsf.core.entity.Metadata' of type [org.springframework.tsf.core.entity.Metadata$$EnhancerBySpringCGLIB$$ef461b7f] is not eligible for getting processed by all BeanPostProcessors (for example: not eligible for auto-proxying)
2020-02-20 17:21:22.842  INFO [tsf-provider,,,] 33637 --- [restartedMain] trationDelegate$BeanPostProcessorChecker : Bean 'tsfAsyncRestTemplateInterceptor' of type [org.springframework.tsf.core.filter.TsfAsyncRestTemplateInterceptor] is not eligible for getting processed by all BeanPostProcessors (for example: not eligible for auto-proxying)
2020-02-20 17:21:22.856  INFO [tsf-provider,,,] 33637 --- [restartedMain] trationDelegate$BeanPostProcessorChecker : Bean 'org.springframework.tsf.core.config.ContextConfiguration$TsfRestTemplateConfig' of type [org.springframework.tsf.core.config.ContextConfiguration$TsfRestTemplateConfig$$EnhancerBySpringCGLIB$$1bb788b] is not eligible for getting processed by all BeanPostProcessors (for example: not eligible for auto-proxying)
2020-02-20 17:21:22.877  INFO [tsf-provider,,,] 33637 --- [restartedMain] trationDelegate$BeanPostProcessorChecker : Bean 'tsfRestTemplateInterceptor' of type [org.springframework.tsf.core.filter.TsfRestTemplateInterceptor] is not eligible for getting processed by all BeanPostProcessors (for example: not eligible for auto-proxying)
2020-02-20 17:21:23.651  INFO [tsf-provider,,,] 33637 --- [restartedMain] o.s.b.w.embedded.tomcat.TomcatWebServer  : Tomcat initialized with port(s): 18081 (http)
2020-02-20 17:21:23.697  INFO [tsf-provider,,,] 33637 --- [restartedMain] o.apache.catalina.core.StandardService   : Starting service [Tomcat]
2020-02-20 17:21:23.698  INFO [tsf-provider,,,] 33637 --- [restartedMain] org.apache.catalina.core.StandardEngine  : Starting Servlet engine: [Apache Tomcat/9.0.21]
2020-02-20 17:21:23.909  INFO [tsf-provider,,,] 33637 --- [restartedMain] o.a.c.c.C.[Tomcat].[localhost].[/]       : Initializing Spring embedded WebApplicationContext
2020-02-20 17:21:23.909  INFO [tsf-provider,,,] 33637 --- [restartedMain] o.s.web.context.ContextLoader            : Root WebApplicationContext: initialization completed in 4491 ms
2020-02-20 17:21:24.160  WARN [tsf-provider,,,] 33637 --- [restartedMain] c.n.c.sources.URLConfigurationSource     : No URLs will be polled as dynamic configuration sources.
2020-02-20 17:21:24.161  INFO [tsf-provider,,,] 33637 --- [restartedMain] c.n.c.sources.URLConfigurationSource     : To enable URLs as dynamic configuration sources, define System property archaius.configurationSource.additionalUrls or make config.properties available on classpath.
2020-02-20 17:21:24.168  INFO [tsf-provider,,,] 33637 --- [restartedMain] c.netflix.config.DynamicPropertyFactory  : DynamicPropertyFactory is initialized with configuration sources: com.netflix.config.ConcurrentCompositeConfiguration@14bd67af
2020-02-20 17:21:26.556  INFO [tsf-provider,,,] 33637 --- [restartedMain] o.s.b.a.e.web.EndpointLinksResolver      : Exposing 2 endpoint(s) beneath base path '/actuator'
2020-02-20 17:21:26.943  WARN [tsf-provider,,,] 33637 --- [restartedMain] c.n.c.sources.URLConfigurationSource     : No URLs will be polled as dynamic configuration sources.
2020-02-20 17:21:26.943  INFO [tsf-provider,,,] 33637 --- [restartedMain] c.n.c.sources.URLConfigurationSource     : To enable URLs as dynamic configuration sources, define System property archaius.configurationSource.additionalUrls or make config.properties available on classpath.
2020-02-20 17:21:27.772  INFO [tsf-provider,,,] 33637 --- [restartedMain] o.s.s.concurrent.ThreadPoolTaskExecutor  : Initializing ExecutorService 'applicationTaskExecutor'
2020-02-20 17:21:27.893  WARN [tsf-provider,,,] 33637 --- [restartedMain] o.s.b.d.a.OptionalLiveReloadServer       : Unable to start LiveReload server
2020-02-20 17:21:28.069  INFO [tsf-provider,,,] 33637 --- [restartedMain] o.s.s.concurrent.ThreadPoolTaskExecutor  : Initializing ExecutorService
2020-02-20 17:21:28.069  INFO [tsf-provider,,,] 33637 --- [restartedMain] o.s.s.concurrent.ThreadPoolTaskExecutor  : Initializing ExecutorService 'tsfInvocationExecutor'
2020-02-20 17:21:28.166 ERROR [tsf-provider,,,] 33637 --- [restartedMain] .t.t.m.i.r.InvocationStatReporterManager : set tsf monitor invocation log error, message: [/data/tsf_apm/monitor/logs/invocation_log0.log.0.lck]
2020-02-20 17:21:28.266  INFO [tsf-provider,,,] 33637 --- [restartedMain] pertySourcedRequestMappingHandlerMapping : Mapped URL path [/v2/api-docs] onto method [public org.springframework.http.ResponseEntity<springfox.documentation.spring.web.json.Json> springfox.documentation.swagger2.web.Swagger2Controller.getDocumentation(java.lang.String,javax.servlet.http.HttpServletRequest)]
2020-02-20 17:21:28.315  INFO [tsf-provider,,,] 33637 --- [restartedMain] c.t.t.s.a.TsfSwaggerAutoConfiguration    : [tsf-swagger] application main class:com.hua.tsf_spring_cloud_demo.tsf_spring_cloud_provider.TsfSpringCloudProviderApplication, auto detect swagger scan package:com.hua.tsf_spring_cloud_demo.tsf_spring_cloud_provider 
2020-02-20 17:21:28.431  WARN [tsf-provider,,,] 33637 --- [restartedMain] o.s.b.a.i.InfluxDbAutoConfiguration      : InfluxDB client customizations using a OkHttpClient.Builder is deprecated, register a InfluxDbOkHttpClientBuilderProvider bean instead
2020-02-20 17:21:28.731  INFO [tsf-provider,,,] 33637 --- [restartedMain] o.s.s.c.ThreadPoolTaskScheduler          : Initializing ExecutorService 'catalogWatchTaskScheduler'
2020-02-20 17:21:28.938  INFO [tsf-provider,,,] 33637 --- [restartedMain] o.s.s.c.ThreadPoolTaskScheduler          : Initializing ExecutorService 'configWatchTaskScheduler'
2020-02-20 17:21:28.966  WARN [tsf-provider,,,] 33637 --- [restartedMain] o.s.c.n.core.CoreAutoConfiguration       : This module is deprecated. It will be removed in the next major release. Please use spring-cloud-netflix-hystrix instead.
2020-02-20 17:21:29.088  INFO [tsf-provider,,,] 33637 --- [restartedMain] .c.c.TsfCircuitBreakerEventConfiguration : [TSF CIRCUIT BREAKER EVENT] TsfCircuitBreakerStatsTransmitEvent registered.
2020-02-20 17:21:29.130  INFO [tsf-provider,,,] 33637 --- [restartedMain] o.s.s.c.ThreadPoolTaskScheduler          : Initializing ExecutorService 'tsfTaskScheduler'
2020-02-20 17:21:29.147  INFO [tsf-provider,,,] 33637 --- [restartedMain] o.s.c.t.route.sync.TsfRouteRuleManager   : add tsf route rule schedule, namespaceId=
2020-02-20 17:21:29.208  INFO [tsf-provider,,,] 33637 --- [restartedMain] o.s.c.t.r.sync.TsfRouteAffinityManager   : add tsf route affinity schedule, namespaceId=
2020-02-20 17:21:29.285  INFO [tsf-provider,,,] 33637 --- [restartedMain] o.s.s.concurrent.ThreadPoolTaskExecutor  : Initializing ExecutorService
2020-02-20 17:21:29.285  INFO [tsf-provider,,,] 33637 --- [restartedMain] o.s.s.concurrent.ThreadPoolTaskExecutor  : Initializing ExecutorService 'tsfThreadPoolTaskExecutor'
2020-02-20 17:21:29.453  INFO [tsf-provider,,,] 33637 --- [restartedMain] d.s.w.p.DocumentationPluginsBootstrapper : Context refreshed
2020-02-20 17:21:29.468  INFO [tsf-provider,,,] 33637 --- [restartedMain] d.s.w.p.DocumentationPluginsBootstrapper : Found 1 custom documentation plugin(s)
2020-02-20 17:21:29.498  INFO [tsf-provider,,,] 33637 --- [restartedMain] s.d.s.w.s.ApiListingReferenceScanner     : Scanning for api listing references
2020-02-20 17:21:29.591 ERROR [tsf-provider,,,] 33637 --- [restartedMain] s.d.s.web.scanners.ApiDescriptionReader  : Skipping process path[/echo/{param}], method[echo] as it has an error.

com.google.common.util.concurrent.ExecutionError: java.lang.NoSuchMethodError: com.google.common.collect.FluentIterable.from([Ljava/lang/Object;)Lcom/google/common/collect/FluentIterable;
	at com.google.common.cache.LocalCache$Segment.get(LocalCache.java:2205) ~[guava-19.0.jar:na]
	at com.google.common.cache.LocalCache.get(LocalCache.java:3953) ~[guava-19.0.jar:na]
	at com.google.common.cache.LocalCache.getOrLoad(LocalCache.java:3957) ~[guava-19.0.jar:na]
	at com.google.common.cache.LocalCache$LocalLoadingCache.get(LocalCache.java:4875) ~[guava-19.0.jar:na]
	at com.google.common.cache.LocalCache$LocalLoadingCache.getUnchecked(LocalCache.java:4881) ~[guava-19.0.jar:na]
	at springfox.documentation.spring.web.scanners.CachingOperationReader.read(CachingOperationReader.java:57) ~[springfox-spring-web-2.9.2.TSF-RELEASE.jar:na]
	at springfox.documentation.spring.web.scanners.ApiDescriptionReader.read(ApiDescriptionReader.java:70) ~[springfox-spring-web-2.9.2.TSF-RELEASE.jar:na]
	at springfox.documentation.spring.web.scanners.ApiListingScanner.scan(ApiListingScanner.java:134) [springfox-spring-web-2.9.2.TSF-RELEASE.jar:na]
	at springfox.documentation.spring.web.scanners.ApiDocumentationScanner.scan(ApiDocumentationScanner.java:71) [springfox-spring-web-2.9.2.TSF-RELEASE.jar:na]
	at springfox.documentation.spring.web.plugins.DocumentationPluginsBootstrapper.scanDocumentation(DocumentationPluginsBootstrapper.java:101) [springfox-spring-web-2.9.2.TSF-RELEASE.jar:na]
	at springfox.documentation.spring.web.plugins.DocumentationPluginsBootstrapper.start(DocumentationPluginsBootstrapper.java:167) [springfox-spring-web-2.9.2.TSF-RELEASE.jar:na]
	at org.springframework.context.support.DefaultLifecycleProcessor.doStart(DefaultLifecycleProcessor.java:182) [spring-context-5.1.8.RELEASE.jar:5.1.8.RELEASE]
	at org.springframework.context.support.DefaultLifecycleProcessor.access$200(DefaultLifecycleProcessor.java:53) [spring-context-5.1.8.RELEASE.jar:5.1.8.RELEASE]
	at org.springframework.context.support.DefaultLifecycleProcessor$LifecycleGroup.start(DefaultLifecycleProcessor.java:360) [spring-context-5.1.8.RELEASE.jar:5.1.8.RELEASE]
	at org.springframework.context.support.DefaultLifecycleProcessor.startBeans(DefaultLifecycleProcessor.java:158) [spring-context-5.1.8.RELEASE.jar:5.1.8.RELEASE]
	at org.springframework.context.support.DefaultLifecycleProcessor.onRefresh(DefaultLifecycleProcessor.java:122) [spring-context-5.1.8.RELEASE.jar:5.1.8.RELEASE]
	at org.springframework.context.support.AbstractApplicationContext.finishRefresh(AbstractApplicationContext.java:893) [spring-context-5.1.8.RELEASE.jar:5.1.8.RELEASE]
	at org.springframework.boot.web.servlet.context.ServletWebServerApplicationContext.finishRefresh(ServletWebServerApplicationContext.java:161) [spring-boot-2.1.6.RELEASE.jar:2.1.6.RELEASE]
	at org.springframework.context.support.AbstractApplicationContext.refresh(AbstractApplicationContext.java:552) [spring-context-5.1.8.RELEASE.jar:5.1.8.RELEASE]
	at org.springframework.boot.web.servlet.context.ServletWebServerApplicationContext.refresh(ServletWebServerApplicationContext.java:140) [spring-boot-2.1.6.RELEASE.jar:2.1.6.RELEASE]
	at org.springframework.boot.SpringApplication.refresh(SpringApplication.java:742) [spring-boot-2.1.6.RELEASE.jar:2.1.6.RELEASE]
	at org.springframework.boot.SpringApplication.refreshContext(SpringApplication.java:389) [spring-boot-2.1.6.RELEASE.jar:2.1.6.RELEASE]
	at org.springframework.boot.SpringApplication.run(SpringApplication.java:311) [spring-boot-2.1.6.RELEASE.jar:2.1.6.RELEASE]
	at org.springframework.boot.SpringApplication.run(SpringApplication.java:1213) [spring-boot-2.1.6.RELEASE.jar:2.1.6.RELEASE]
	at org.springframework.boot.SpringApplication.run(SpringApplication.java:1202) [spring-boot-2.1.6.RELEASE.jar:2.1.6.RELEASE]
	at com.hua.tsf_spring_cloud_demo.tsf_spring_cloud_provider.TsfSpringCloudProviderApplication.main(TsfSpringCloudProviderApplication.java:14) [classes/:na]
	at java.base/jdk.internal.reflect.NativeMethodAccessorImpl.invoke0(Native Method) ~[na:na]
	at java.base/jdk.internal.reflect.NativeMethodAccessorImpl.invoke(NativeMethodAccessorImpl.java:62) ~[na:na]
	at java.base/jdk.internal.reflect.DelegatingMethodAccessorImpl.invoke(DelegatingMethodAccessorImpl.java:43) ~[na:na]
	at java.base/java.lang.reflect.Method.invoke(Method.java:564) ~[na:na]
	at org.springframework.boot.devtools.restart.RestartLauncher.run(RestartLauncher.java:49) [spring-boot-devtools-2.1.6.RELEASE.jar:2.1.6.RELEASE]
Caused by: java.lang.NoSuchMethodError: com.google.common.collect.FluentIterable.from([Ljava/lang/Object;)Lcom/google/common/collect/FluentIterable;
	at springfox.documentation.swagger.readers.operation.OperationAuthReader.authorizationReferences(OperationAuthReader.java:117) ~[springfox-swagger-common-2.9.2.jar:null]
	at springfox.documentation.swagger.readers.operation.OperationAuthReader.apply(OperationAuthReader.java:73) ~[springfox-swagger-common-2.9.2.jar:null]
	at springfox.documentation.spring.web.plugins.DocumentationPluginsManager.operation(DocumentationPluginsManager.java:120) ~[springfox-spring-web-2.9.2.TSF-RELEASE.jar:na]
	at springfox.documentation.spring.web.readers.operation.ApiOperationReader.read(ApiOperationReader.java:77) ~[springfox-spring-web-2.9.2.TSF-RELEASE.jar:na]
	at springfox.documentation.spring.web.scanners.CachingOperationReader$1.load(CachingOperationReader.java:50) ~[springfox-spring-web-2.9.2.TSF-RELEASE.jar:na]
	at springfox.documentation.spring.web.scanners.CachingOperationReader$1.load(CachingOperationReader.java:48) ~[springfox-spring-web-2.9.2.TSF-RELEASE.jar:na]
	at com.google.common.cache.LocalCache$LoadingValueReference.loadFuture(LocalCache.java:3542) ~[guava-19.0.jar:na]
	at com.google.common.cache.LocalCache$Segment.loadSync(LocalCache.java:2323) ~[guava-19.0.jar:na]
	at com.google.common.cache.LocalCache$Segment.lockedGetOrLoad(LocalCache.java:2286) ~[guava-19.0.jar:na]
	at com.google.common.cache.LocalCache$Segment.get(LocalCache.java:2201) ~[guava-19.0.jar:na]
	... 30 common frames omitted

2020-02-20 17:21:29.661  INFO [tsf-provider,,,] 33637 --- [restartedMain] c.t.tsf.swagger.TsfApiMetadataGrapher    : auto smart check application start with local consul, api registry not work
2020-02-20 17:21:29.797  INFO [tsf-provider,,,] 33637 --- [restartedMain] o.s.b.w.embedded.tomcat.TomcatWebServer  : Tomcat started on port(s): 18081 (http) with context path ''
2020-02-20 17:21:29.815  INFO [tsf-provider,a937a228d36d46f9,a937a228d36d46f9,true] 33637 --- [tsf-schedule-0-T1] .c.t.c.r.TsfCircuitBreakerConsulKVLoader : [TSF CIRCUIT BREAKER LOADER] TSF circuit breaker loader start NEW round, circuitBreakerRuleIndex: 1
2020-02-20 17:21:29.817  INFO [tsf-provider,a937a228d36d46f9,a937a228d36d46f9,true] 33637 --- [tsf-schedule-0-T1] .c.t.c.r.TsfCircuitBreakerConsulKVLoader : [TSF CIRCUIT BREAKER LOADER] Index = 1, Start compare old and new rule.
2020-02-20 17:21:29.825  INFO [tsf-provider,,,] 33637 --- [restartedMain] o.s.c.c.s.ConsulServiceRegistry          : Registering service with consul: NewService{id='tsf-provider-18081', name='tsf-provider', tags=[secure=false], address='192.168.3.10', meta={TSF_INSTNACE_ID=, TSF_PROG_VERSION=, TSF_REGION=, TSF_ZONE=, TSF_GROUP_ID=, TSF_APPLICATION_ID=}, port=18081, enableTagOverride=null, check=Check{script='null', interval='null', ttl='30s', http='null', method='null', header=null, tcp='null', timeout='null', dockerContainerID='null', shell='null', deregisterCriticalServiceAfter='null', tlsSkipVerify=null, status='null'}, checks=null}
2020-02-20 17:21:29.971  INFO [tsf-provider,,,] 33637 --- [restartedMain] .h.t.t.TsfSpringCloudProviderApplication : Started TsfSpringCloudProviderApplication in 13.813 seconds (JVM running for 16.407)
2020-02-20 17:21:31.096  INFO [tsf-provider,,,] 33637 --- [RMI TCP Connection(9)-127.0.0.1] o.a.c.c.C.[Tomcat].[localhost].[/]       : Initializing Spring DispatcherServlet 'dispatcherServlet'
2020-02-20 17:21:31.096  INFO [tsf-provider,,,] 33637 --- [RMI TCP Connection(9)-127.0.0.1] o.s.web.servlet.DispatcherServlet        : Initializing Servlet 'dispatcherServlet'
2020-02-20 17:21:31.124  INFO [tsf-provider,,,] 33637 --- [RMI TCP Connection(9)-127.0.0.1] o.s.web.servlet.DispatcherServlet        : Completed initialization in 27 ms
2020-02-20 17:24:00.575  INFO [tsf-provider,7394c3a977115ec1,7394c3a977115ec1,true] 33637 --- [http-nio-18081-exec-1] c.h.t.t.Controller.EchoController        : tsf-provider-demo -- request param: [aaa]
2020-02-20 17:24:00.578  INFO [tsf-provider,7394c3a977115ec1,7394c3a977115ec1,true] 33637 --- [http-nio-18081-exec-1] c.h.t.t.Controller.EchoController        : tsf-provider-demo -- provider config name: [env-test]
2020-02-20 17:24:00.578  INFO [tsf-provider,7394c3a977115ec1,7394c3a977115ec1,true] 33637 --- [http-nio-18081-exec-1] c.h.t.t.Controller.EchoController        : tsf-provider-demo -- response info: [request param: aaa, response from env-test]
2020-02-20 17:24:09.544  INFO [tsf-provider,4fb72172f8bae5c3,3e3a64cf18dd5a00,true] 33637 --- [http-nio-18081-exec-2] c.h.t.t.Controller.EchoController        : tsf-provider-demo -- request param: [aaa]
2020-02-20 17:24:09.544  INFO [tsf-provider,4fb72172f8bae5c3,3e3a64cf18dd5a00,true] 33637 --- [http-nio-18081-exec-2] c.h.t.t.Controller.EchoController        : tsf-provider-demo -- provider config name: [env-test]
2020-02-20 17:24:09.544  INFO [tsf-provider,4fb72172f8bae5c3,3e3a64cf18dd5a00,true] 33637 --- [http-nio-18081-exec-2] c.h.t.t.Controller.EchoController        : tsf-provider-demo -- response info: [request param: aaa, response from env-test]
2020-02-20 17:25:00.013  INFO [tsf-provider,f48e82b14b7782b9,40501100f2ef327f,true] 33637 --- [tsf-schedule-0-T7] c.t.t.m.i.r.InvocationStatReporter       : {"category":"MS","kind":"SERVER","timestamp":1582190640,"period":60,"local":{"service":"tsf-provider","interface":"/echo/aaa"},"invocation":{"sum_amount":2,"status_code":[{"code":"200","amount":2}],"status_serial":{"informational":0,"successful":2,"redirection":0,"client_error":0,"server_error":0,"connect_error":0,"timeout_error":0,"unavailable_error":0,"other_error":0},"duration":{"avg_ms":71.42,"sum_ms":142.85,"range_50_ms":1,"range_50_100_ms":0,"range_100_200_ms":1,"range_200_300_ms":0,"range_300_400_ms":0,"range_400_500_ms":0,"range_500_800_ms":0,"range_800_1200_ms":0,"range_1200_1600_ms":0,"range_1600_2000_ms":0,"range_2000_ms":0}}}
2020-02-20 17:26:38.257  INFO [tsf-provider,aa4df047e6e1dcef,79ea2ed38bed8eac,true] 33637 --- [http-nio-18081-exec-6] c.h.t.t.Controller.EchoController        : tsf-provider-demo -- request param: [aadfdf]
2020-02-20 17:26:38.258  INFO [tsf-provider,aa4df047e6e1dcef,79ea2ed38bed8eac,true] 33637 --- [http-nio-18081-exec-6] c.h.t.t.Controller.EchoController        : tsf-provider-demo -- provider config name: [env-test]
2020-02-20 17:26:38.258  INFO [tsf-provider,aa4df047e6e1dcef,79ea2ed38bed8eac,true] 33637 --- [http-nio-18081-exec-6] c.h.t.t.Controller.EchoController        : tsf-provider-demo -- response info: [request param: aadfdf, response from env-test]
2020-02-20 17:27:00.006  INFO [tsf-provider,f48e82b14b7782b9,9df0d95e48758663,true] 33637 --- [tsf-schedule-0-T3] c.t.t.m.i.r.InvocationStatReporter       : {"category":"MS","kind":"SERVER","timestamp":1582190760,"period":60,"local":{"service":"tsf-provider","interface":"/echo/aadfdf"},"invocation":{"sum_amount":1,"status_code":[{"code":"200","amount":1}],"status_serial":{"informational":0,"successful":1,"redirection":0,"client_error":0,"server_error":0,"connect_error":0,"timeout_error":0,"unavailable_error":0,"other_error":0},"duration":{"avg_ms":9.51,"sum_ms":9.51,"range_50_ms":1,"range_50_100_ms":0,"range_100_200_ms":0,"range_200_300_ms":0,"range_300_400_ms":0,"range_400_500_ms":0,"range_500_800_ms":0,"range_800_1200_ms":0,"range_1200_1600_ms":0,"range_1600_2000_ms":0,"range_2000_ms":0}}}
2020-02-20 18:20:53.692  INFO [tsf-provider,,,] 33637 --- [Thread-24] o.s.s.concurrent.ThreadPoolTaskExecutor  : Shutting down ExecutorService 'tsfThreadPoolTaskExecutor'
2020-02-20 18:20:53.698  INFO [tsf-provider,,,] 33637 --- [Thread-24] o.s.s.c.ThreadPoolTaskScheduler          : Shutting down ExecutorService 'tsfTaskScheduler'
2020-02-20 18:20:53.699  INFO [tsf-provider,,,] 33637 --- [Thread-24] o.s.s.c.ThreadPoolTaskScheduler          : Shutting down ExecutorService 'configWatchTaskScheduler'
2020-02-20 18:20:53.701  INFO [tsf-provider,,,] 33637 --- [Thread-24] o.s.c.c.s.ConsulServiceRegistry          : Deregistering service with consul: tsf-provider-18081
2020-02-20 18:20:53.755  INFO [tsf-provider,,,] 33637 --- [Thread-24] o.s.s.c.ThreadPoolTaskScheduler          : Shutting down ExecutorService 'catalogWatchTaskScheduler'
2020-02-20 18:20:53.761  INFO [tsf-provider,,,] 33637 --- [Thread-24] o.s.s.concurrent.ThreadPoolTaskExecutor  : Shutting down ExecutorService 'tsfInvocationExecutor'
2020-02-20 18:20:53.762 ERROR [tsf-provider,,,] 33637 --- [tsf-invocation-thread-1] c.t.t.m.i.a.InvocationAggregator         : [TSF Monitor] AggregatorThread : [tsf-invocation-thread-1] Interrupted while sleeping 300ms
2020-02-20 18:20:53.764  INFO [tsf-provider,,,] 33637 --- [Thread-24] o.s.s.concurrent.ThreadPoolTaskExecutor  : Shutting down ExecutorService 'applicationTaskExecutor'
